{
  "0 debug pnpm:scope": {
    "selected": 1
  },
  "1 debug pnpm": {
    "isCaseSensitive": true,
    "store": "/home/codejamninja/.pnpm-store/2"
  },
  "2 debug pnpm:package-manifest": {
    "initial": {
      "name": "react-next-landing",
      "description": "Modern Multipurpose Landing Pages Template Using React, Next, Styled Components and so on. It also support Gatsby Static site generator ",
      "version": "3.3.0",
      "private": true,
      "author": "RedQ Team",
      "license": "",
      "repository": {
        "type": "git",
        "url": ""
      },
      "devDependencies": {
        "@babel/cli": "^7.5.0",
        "cpx": "^1.5.0",
        "cross-env": "^5.2.0",
        "firebase-tools": "7.0.2",
        "husky": "^3.0.0",
        "lerna": "^3.15.0",
        "prettier": "^1.18.2",
        "rimraf": "^2.6.3"
      },
      "workspaces": [
        "packages/common",
        "packages/landing",
        "packages/landing-gatsby",
        "packages/reusecore"
      ],
      "scripts": {
        "clean": "lerna clean --yes && rimraf node_modules",
        "start": "lerna run --parallel dev",
        "preweb": "cpx \"packages/common/src/assets/image/**/*.*\" \"packages/landing/static\" -C",
        "next-dev": "yarn workspace next-landing run dev",
        "next-build": "rimraf dist && yarn workspace next-landing run build",
        "next-start": "yarn workspace next-landing run start",
        "next-export": "yarn workspace next-landing run export",
        "gatsby-dev": "yarn workspace gatsby-landing run dev",
        "gatsby-build": "yarn workspace gatsby-landing run build",
        "gatsby-serve": "yarn workspace gatsby-landing run serve",
        "prebuild-public": "rimraf \"dist/functions/**\" && rimraf \"dist/public\"",
        "prefirebase-serve": "yarn run build-public && yarn run build-funcs && yarn workspace next-landing run build && yarn run copy-deps && yarn run install-deps",
        "firebase-serve": "cross-env NODE_ENV=production firebase serve",
        "prefirebase-deploy": "yarn run build-public && yarn run build-funcs && yarn workspace next-landing run build && yarn run copy-deps",
        "firebase-deploy": "firebase deploy",
        "build-public": "cpx \"packages/common/src/assets/**/*.*\" \"dist/public/static\" -C && cpx \"public/**/*.*\" \"dist/public\" -C",
        "build-funcs": "babel \"packages/functions\" --out-dir \"dist/functions\"",
        "copy-deps": "cpx \"packages/landing/*{package.json,package-lock.json,yarn.lock}\" \"dist/functions\" -C",
        "install-deps": "cd \"dist/functions\" && yarn",
        "pregatsby-firebase-serve": "rimraf dist && yarn run gatsby-build && cpx \"packages/landing-gatsby/public/**/*.*\" \"dist/public\" -C",
        "gatsby-firebase-serve": "cross-env NODE_ENV=production firebase serve",
        "pregatsby-firebase-deploy": "rimraf dist && yarn run gatsby-build && cpx \"packages/landing-gatsby/public/**/*.*\" \"dist/public\" -C",
        "gatsby-firebase-deploy": "firebase deploy",
        "netlify-deploy": "yarn workspace next-landing run netlify-build"
      },
      "dependencies": {}
    },
    "prefix": "/home/codejamninja/Clients/SiliconHills/landing"
  },
  "3 debug pnpm:stage": {
    "prefix": "/home/codejamninja/Clients/SiliconHills/landing",
    "stage": "resolution_started"
  },
  "4 warn pnpm": {
    "message": "Moving @babel/cli that was installed by a different package manager to \"node_modules/.ignored",
    "prefix": "/home/codejamninja/Clients/SiliconHills/landing"
  },
  "5 error pnpm": {
    "message": {
      "errno": -39,
      "code": "ENOTEMPTY",
      "syscall": "rename",
      "path": "/home/codejamninja/Clients/SiliconHills/landing/node_modules/@babel/cli",
      "dest": "/home/codejamninja/Clients/SiliconHills/landing/node_modules/.ignored/@babel/cli"
    },
    "err": {
      "name": "Error",
      "message": "ENOTEMPTY: directory not empty, rename '/home/codejamninja/Clients/SiliconHills/landing/node_modules/@babel/cli' -> '/home/codejamninja/Clients/SiliconHills/landing/node_modules/.ignored/@babel/cli'",
      "code": "ENOTEMPTY",
      "stack": "Error: ENOTEMPTY: directory not empty, rename '/home/codejamninja/Clients/SiliconHills/landing/node_modules/@babel/cli' -> '/home/codejamninja/Clients/SiliconHills/landing/node_modules/.ignored/@babel/cli'"
    }
  }
}